npm verb cli C:\Program Files\nodejs\node.exe C:\Users\EwanLaing\AppData\Roaming\npm\node_modules\npm\bin\npm-cli.js
npm info using npm@10.2.0
npm info using node@v22.5.1
npm verb title npm install
npm verb argv "install" "--legacy-peer-deps" "--loglevel" "verbose"
npm verb logfile logs-max:10 dir:C:\Users\EwanLaing\AppData\Local\npm-cache\_logs\2024-08-04T18_30_33_254Z-
npm verb logfile C:\Users\EwanLaing\AppData\Local\npm-cache\_logs\2024-08-04T18_30_33_254Z-debug-0.log
npm http fetch GET 200 https://registry.npmjs.org/browserstack-cypress-cli 648ms (cache revalidated)
npm http fetch GET 200 https://registry.npmjs.org/cypress 77ms (cache revalidated)
npm http fetch GET 200 https://registry.npmjs.org/chalk 201ms (cache revalidated)
npm http fetch GET 200 https://registry.npmjs.org/request-progress 363ms (cache revalidated)
npm http fetch GET 200 https://registry.npmjs.org/getmac 374ms (cache revalidated)
npm http fetch GET 200 https://registry.npmjs.org/archiver 378ms (cache revalidated)
npm http fetch GET 200 https://registry.npmjs.org/gitconfiglocal 378ms (cache revalidated)
npm http fetch GET 200 https://registry.npmjs.org/glob 379ms (cache revalidated)
npm http fetch GET 200 https://registry.npmjs.org/async 383ms (cache revalidated)
npm http fetch GET 200 https://registry.npmjs.org/chalk 380ms (cache revalidated)
npm http fetch GET 200 https://registry.npmjs.org/requestretry 383ms (cache revalidated)
npm http fetch GET 200 https://registry.npmjs.org/arch 386ms (cache revalidated)
npm http fetch GET 200 https://registry.npmjs.org/cli-progress 391ms (cache revalidated)
npm http fetch GET 200 https://registry.npmjs.org/request 389ms (cache revalidated)
npm http fetch GET 200 https://registry.npmjs.org/mkdirp 391ms (cache revalidated)
npm http fetch GET 200 https://registry.npmjs.org/debug 389ms (cache revalidated)
npm http fetch GET 200 https://registry.npmjs.org/windows-release 393ms (cache revalidated)
npm http fetch GET 200 https://registry.npmjs.org/tmp 396ms (cache revalidated)
npm http fetch GET 200 https://registry.npmjs.org/uuid 399ms (cache revalidated)
npm http fetch GET 200 https://registry.npmjs.org/lodash 396ms (cache revalidated)
npm http fetch GET 200 https://registry.npmjs.org/enquirer 400ms (cache revalidated)
npm http fetch GET 200 https://registry.npmjs.org/figures 409ms (cache revalidated)
npm http fetch GET 200 https://registry.npmjs.org/yauzl 411ms (cache revalidated)
npm http fetch GET 200 https://registry.npmjs.org/cachedir 411ms (cache revalidated)
npm http fetch GET 200 https://registry.npmjs.org/listr2 417ms (cache revalidated)
npm http fetch GET 200 https://registry.npmjs.org/fs-extra 428ms (cache revalidated)
npm http fetch GET 200 https://registry.npmjs.org/bluebird 424ms (cache revalidated)
npm http fetch GET 200 https://registry.npmjs.org/getos 428ms (cache revalidated)
npm http fetch GET 200 https://registry.npmjs.org/update-notifier 431ms (cache revalidated)
npm http fetch GET 200 https://registry.npmjs.org/decompress 431ms (cache revalidated)
npm http fetch GET 200 https://registry.npmjs.org/execa 430ms (cache revalidated)
npm http fetch GET 200 https://registry.npmjs.org/dayjs 433ms (cache revalidated)
npm http fetch GET 200 https://registry.npmjs.org/fs-extra 432ms (cache revalidated)
npm http fetch GET 200 https://registry.npmjs.org/process 436ms (cache revalidated)
npm http fetch GET 200 https://registry.npmjs.org/is-ci 437ms (cache revalidated)
npm http fetch GET 200 https://registry.npmjs.org/common-tags 435ms (cache revalidated)
npm http fetch GET 200 https://registry.npmjs.org/table 442ms (cache revalidated)
npm http fetch GET 200 https://registry.npmjs.org/eventemitter2 435ms (cache revalidated)
npm http fetch GET 200 https://registry.npmjs.org/log-symbols 438ms (cache revalidated)
npm http fetch GET 200 https://registry.npmjs.org/cli-table3 438ms (cache revalidated)
npm http fetch GET 200 https://registry.npmjs.org/executable 439ms (cache revalidated)
npm http fetch GET 200 https://registry.npmjs.org/buffer 443ms (cache revalidated)
npm http fetch GET 200 https://registry.npmjs.org/extract-zip 441ms (cache revalidated)
npm http fetch GET 200 https://registry.npmjs.org/minimist 443ms (cache revalidated)
npm http fetch GET 200 https://registry.npmjs.org/supports-color 440ms (cache revalidated)
npm http fetch GET 200 https://registry.npmjs.org/blob-util 444ms (cache revalidated)
npm http fetch GET 200 https://registry.npmjs.org/check-more-types 441ms (cache revalidated)
npm http fetch GET 200 https://registry.npmjs.org/cli-cursor 445ms (cache revalidated)
npm http fetch GET 200 https://registry.npmjs.org/semver 447ms (cache revalidated)
npm http fetch GET 200 https://registry.npmjs.org/winston 452ms (cache revalidated)
npm http fetch GET 200 https://registry.npmjs.org/proxy-from-env 446ms (cache revalidated)
npm http fetch GET 200 https://registry.npmjs.org/mocha 456ms (cache revalidated)
npm http fetch GET 200 https://registry.npmjs.org/yargs 458ms (cache revalidated)
npm http fetch GET 200 https://registry.npmjs.org/commander 457ms (cache revalidated)
npm http fetch GET 200 https://registry.npmjs.org/@types%2fsizzle 461ms (cache revalidated)
npm http fetch GET 200 https://registry.npmjs.org/@cypress%2fxvfb 462ms (cache revalidated)
npm http fetch GET 200 https://registry.npmjs.org/untildify 464ms (cache revalidated)
npm http fetch GET 200 https://registry.npmjs.org/lazy-ass 465ms (cache revalidated)
npm http fetch GET 200 https://registry.npmjs.org/@types%2fsinonjs__fake-timers 461ms (cache revalidated)
npm http fetch GET 200 https://registry.npmjs.org/is-installed-globally 463ms (cache revalidated)
npm http fetch GET 200 https://registry.npmjs.org/@cypress%2frequest 464ms (cache revalidated)
npm http fetch GET 200 https://registry.npmjs.org/ospath 469ms (cache revalidated)
npm http fetch GET 200 https://registry.npmjs.org/git-repo-info 736ms (cache revalidated)
npm http fetch GET 200 https://registry.npmjs.org/browserstack-local 745ms (cache revalidated)
npm http fetch GET 200 https://registry.npmjs.org/git-last-commit 791ms (cache revalidated)
npm http fetch GET 200 https://registry.npmjs.org/node-ipc 816ms (cache revalidated)
npm http fetch GET 200 https://registry.npmjs.org/pretty-bytes 828ms (cache revalidated)
npm http fetch GET 200 https://registry.npmjs.org/agent-base 238ms (cache revalidated)
npm http fetch GET 200 https://registry.npmjs.org/ansi-styles 238ms (cache revalidated)
npm http fetch GET 200 https://registry.npmjs.org/readdir-glob 241ms (cache revalidated)
npm http fetch GET 200 https://registry.npmjs.org/decompress-targz 237ms (cache revalidated)
npm http fetch GET 200 https://registry.npmjs.org/ps-tree 240ms (cache revalidated)
npm http fetch GET 200 https://registry.npmjs.org/tar-stream 241ms (cache revalidated)
npm http fetch GET 200 https://registry.npmjs.org/readable-stream 243ms (cache revalidated)
npm http fetch GET 200 https://registry.npmjs.org/make-dir 245ms (cache revalidated)
npm http fetch GET 200 https://registry.npmjs.org/archiver-utils 250ms (cache revalidated)
npm http fetch GET 200 https://registry.npmjs.org/buffer-crc32 251ms (cache revalidated)
npm http fetch GET 200 https://registry.npmjs.org/zip-stream 250ms (cache revalidated)
npm http fetch GET 200 https://registry.npmjs.org/graceful-fs 453ms (cache revalidated)
npm http fetch GET 200 https://registry.npmjs.org/string-width 457ms (cache revalidated)
npm http fetch GET 200 https://registry.npmjs.org/js-yaml 454ms (cache revalidated)
npm http fetch GET 200 https://registry.npmjs.org/path-is-absolute 457ms (cache revalidated)
npm http fetch GET 200 https://registry.npmjs.org/https-proxy-agent 465ms (cache revalidated)
npm http fetch GET 200 https://registry.npmjs.org/get-caller-file 441ms (cache revalidated)
npm http fetch GET 200 https://registry.npmjs.org/universalify 462ms (cache revalidated)
npm http fetch GET 200 https://registry.npmjs.org/jsonfile 463ms (cache revalidated)
npm http fetch GET 200 https://registry.npmjs.org/ansi-colors 460ms (cache revalidated)
npm http fetch GET 200 https://registry.npmjs.org/fs.realpath 464ms (cache revalidated)
npm http fetch GET 200 https://registry.npmjs.org/minimatch 465ms (cache revalidated)
npm http fetch GET 200 https://registry.npmjs.org/har-validator 461ms (cache revalidated)
npm http fetch GET 200 https://registry.npmjs.org/ini 468ms (cache revalidated)
npm http fetch GET 200 https://registry.npmjs.org/once 469ms (cache revalidated)
npm http fetch GET 200 https://registry.npmjs.org/he 466ms (cache revalidated)
npm http fetch GET 200 https://registry.npmjs.org/pify 472ms (cache revalidated)
npm http fetch GET 200 https://registry.npmjs.org/strip-dirs 473ms (cache revalidated)
npm http fetch GET 200 https://registry.npmjs.org/@types%2fnode 474ms (cache revalidated)
npm http fetch GET 200 https://registry.npmjs.org/diff 482ms (cache revalidated)
npm http fetch GET 200 https://registry.npmjs.org/inherits 486ms (cache revalidated)
npm http fetch GET 200 https://registry.npmjs.org/aws-sign2 482ms (cache revalidated)
npm http fetch GET 200 https://registry.npmjs.org/combined-stream 483ms (cache revalidated)
npm http fetch GET 200 https://registry.npmjs.org/minimatch 487ms (cache revalidated)
npm http fetch GET 200 https://registry.npmjs.org/serialize-javascript 488ms (cache revalidated)
npm http fetch GET 200 https://registry.npmjs.org/yargs-parser 488ms (cache revalidated)
npm http fetch GET 200 https://registry.npmjs.org/chokidar 491ms (cache revalidated)
npm http fetch GET 200 https://registry.npmjs.org/caseless 494ms (cache revalidated)
npm http fetch GET 200 https://registry.npmjs.org/qs 492ms (cache revalidated)
npm http fetch GET 200 https://registry.npmjs.org/aws4 498ms (cache revalidated)
npm http fetch GET 200 https://registry.npmjs.org/strip-json-comments 500ms (cache revalidated)
npm http fetch GET 200 https://registry.npmjs.org/is-typedarray 498ms (cache revalidated)
npm http fetch GET 200 https://registry.npmjs.org/http-signature 498ms (cache revalidated)
npm http fetch GET 200 https://registry.npmjs.org/form-data 500ms (cache revalidated)
npm http fetch GET 200 https://registry.npmjs.org/inflight 507ms (cache revalidated)
npm http fetch GET 200 https://registry.npmjs.org/escape-string-regexp 505ms (cache revalidated)
npm http fetch GET 200 https://registry.npmjs.org/yargs-unparser 504ms (cache revalidated)
npm http fetch GET 200 https://registry.npmjs.org/json-stringify-safe 502ms (cache revalidated)
npm http fetch GET 200 https://registry.npmjs.org/isstream 502ms (cache revalidated)
npm http fetch GET 200 https://registry.npmjs.org/performance-now 502ms (cache revalidated)
npm http fetch GET 200 https://registry.npmjs.org/js-message 506ms (cache revalidated)
npm http fetch GET 200 https://registry.npmjs.org/ajv 502ms (cache revalidated)
npm http fetch GET 200 https://registry.npmjs.org/string-width 508ms (cache revalidated)
npm http fetch GET 200 https://registry.npmjs.org/browser-stdout 516ms (cache revalidated)
npm http fetch GET 200 https://registry.npmjs.org/find-up 516ms (cache revalidated)
npm http fetch GET 200 https://registry.npmjs.org/is-npm 509ms (cache revalidated)
npm http fetch GET 200 https://registry.npmjs.org/pupa 510ms (cache revalidated)
npm http fetch GET 200 https://registry.npmjs.org/forever-agent 515ms (cache revalidated)
npm http fetch GET 200 https://registry.npmjs.org/graceful-fs 526ms (cache revalidated)
npm http fetch GET 200 https://registry.npmjs.org/isstream 511ms (cache revalidated)
npm http fetch GET 200 https://registry.npmjs.org/slice-ansi 516ms (cache revalidated)
npm http fetch GET 200 https://registry.npmjs.org/extend 518ms (cache revalidated)
npm http fetch GET 200 https://registry.npmjs.org/ms 523ms (cache revalidated)
npm http fetch GET 200 https://registry.npmjs.org/find-up 509ms (cache revalidated)
npm http fetch GET 200 https://registry.npmjs.org/workerpool 524ms (cache revalidated)
npm http fetch GET 200 https://registry.npmjs.org/decamelize 511ms (cache revalidated)
npm http fetch GET 200 https://registry.npmjs.org/boxen 518ms (cache revalidated)
npm http fetch GET 200 https://registry.npmjs.org/xdg-basedir 519ms (cache revalidated)
npm http fetch GET 200 https://registry.npmjs.org/tough-cookie 523ms (cache revalidated)
npm http fetch GET 200 https://registry.npmjs.org/tunnel-agent 524ms (cache revalidated)
npm http fetch GET 200 https://registry.npmjs.org/latest-version 520ms (cache revalidated)
npm http fetch GET 200 https://registry.npmjs.org/semver-diff 521ms (cache revalidated)
npm http fetch GET 200 https://registry.npmjs.org/eyes 519ms (cache revalidated)
npm http fetch GET 200 https://registry.npmjs.org/y18n 516ms (cache revalidated)
npm http fetch GET 200 https://registry.npmjs.org/extend 529ms (cache revalidated)
npm http fetch GET 200 https://registry.npmjs.org/set-blocking 516ms (cache revalidated)
npm http fetch GET 200 https://registry.npmjs.org/yargs-parser 517ms (cache revalidated)
npm http fetch GET 200 https://registry.npmjs.org/oauth-sign 529ms (cache revalidated)
npm http fetch GET 200 https://registry.npmjs.org/cycle 523ms (cache revalidated)
npm http fetch GET 200 https://registry.npmjs.org/event-pubsub 532ms (cache revalidated)
npm http fetch GET 200 https://registry.npmjs.org/mime-types 530ms (cache revalidated)
npm http fetch GET 200 https://registry.npmjs.org/require-directory 519ms (cache revalidated)
npm http fetch GET 200 https://registry.npmjs.org/import-lazy 526ms (cache revalidated)
npm http fetch GET 200 https://registry.npmjs.org/safe-buffer 530ms (cache revalidated)
npm http fetch GET 200 https://registry.npmjs.org/stack-trace 524ms (cache revalidated)
npm http fetch GET 200 https://registry.npmjs.org/cliui 521ms (cache revalidated)
npm http fetch GET 200 https://registry.npmjs.org/colors 526ms (cache revalidated)
npm http fetch GET 200 https://registry.npmjs.org/configstore 534ms (cache revalidated)
npm http fetch GET 200 https://registry.npmjs.org/decompress-tarbz2 596ms (cache revalidated)
npm http fetch GET 200 https://registry.npmjs.org/is-running 612ms (cache revalidated)
npm http fetch GET 200 https://registry.npmjs.org/temp-fs 632ms (cache revalidated)
npm http fetch GET 200 https://registry.npmjs.org/decompress-tar 826ms (cache revalidated)
npm http fetch GET 200 https://registry.npmjs.org/decompress-unzip 850ms (cache revalidated)
npm http fetch GET 200 https://registry.npmjs.org/is-in-ci 865ms (cache revalidated)
npm http fetch GET 200 https://registry.npmjs.org/js-queue 900ms (cache revalidated)
npm http fetch GET 200 https://registry.npmjs.org/require-main-filename 896ms (cache revalidated)
npm http fetch GET 200 https://registry.npmjs.org/which-module 897ms (cache revalidated)
npm http fetch GET 200 https://registry.npmjs.org/lodash.flatten 75ms (cache revalidated)
npm http fetch GET 200 https://registry.npmjs.org/string_decoder 74ms (cache revalidated)
npm http fetch GET 200 https://registry.npmjs.org/compress-commons 72ms (cache revalidated)
npm http fetch GET 200 https://registry.npmjs.org/lodash.difference 80ms (cache revalidated)
npm http fetch GET 200 https://registry.npmjs.org/lodash.isplainobject 82ms (cache revalidated)
npm http fetch GET 200 https://registry.npmjs.org/util-deprecate 81ms (cache revalidated)
npm http fetch GET 200 https://registry.npmjs.org/end-of-stream 79ms (cache revalidated)
npm http fetch GET 200 https://registry.npmjs.org/normalize-path 84ms (cache revalidated)
npm http fetch GET 200 https://registry.npmjs.org/lodash.union 87ms (cache revalidated)
npm http fetch GET 200 https://registry.npmjs.org/lazystream 89ms (cache revalidated)
npm http fetch GET 200 https://registry.npmjs.org/fs-constants 115ms (cache revalidated)
npm http fetch GET 200 https://registry.npmjs.org/lodash.defaults 517ms (cache revalidated)
npm http fetch GET 200 https://registry.npmjs.org/bl 534ms (cache revalidated)
npm http fetch GET 200 https://registry.npmjs.org/process-nextick-args 55ms (cache revalidated)
npm http fetch GET 200 https://registry.npmjs.org/isarray 62ms (cache revalidated)
npm http fetch GET 200 https://registry.npmjs.org/core-util-is 75ms (cache revalidated)
npm http fetch GET 200 https://registry.npmjs.org/event-stream 56ms (cache revalidated)
npm http fetch GET 200 https://registry.npmjs.org/rimraf 63ms (cache revalidated)
npm http fetch GET 200 https://registry.npmjs.org/color-convert 51ms (cache revalidated)
npm http fetch GET 200 https://registry.npmjs.org/has-flag 52ms (cache revalidated)
npm http fetch GET 200 https://registry.npmjs.org/color-name 65ms (cache revalidated)
npm http fetch GET 200 https://registry.npmjs.org/emoji-regex 68ms (cache revalidated)
npm http fetch GET 200 https://registry.npmjs.org/strip-ansi 69ms (cache revalidated)
npm http fetch GET 200 https://registry.npmjs.org/is-fullwidth-code-point 73ms (cache revalidated)
npm http fetch GET 200 https://registry.npmjs.org/lodash.once 99ms (cache revalidated)
npm http fetch GET 200 https://registry.npmjs.org/get-stream 94ms (cache revalidated)
npm http fetch GET 200 https://registry.npmjs.org/get-stream 93ms (cache revalidated)
npm http fetch GET 200 https://registry.npmjs.org/ci-info 94ms (cache revalidated)
npm http fetch GET 200 https://registry.npmjs.org/onetime 99ms (cache revalidated)
npm http fetch GET 200 https://registry.npmjs.org/cross-spawn 100ms (cache revalidated)
npm http fetch GET 200 https://registry.npmjs.org/base64-js 104ms (cache revalidated)
npm http fetch GET 200 https://registry.npmjs.org/signal-exit 103ms (cache revalidated)
npm http fetch GET 200 https://registry.npmjs.org/npm-run-path 105ms (cache revalidated)
npm http fetch GET 200 https://registry.npmjs.org/is-path-inside 102ms (cache revalidated)
npm http fetch GET 200 https://registry.npmjs.org/restore-cursor 112ms (cache revalidated)
npm http fetch GET 200 https://registry.npmjs.org/is-stream 110ms (cache revalidated)
npm http fetch GET 200 https://registry.npmjs.org/ieee754 115ms (cache revalidated)
npm http fetch GET 200 https://registry.npmjs.org/global-dirs 130ms (cache revalidated)
npm http fetch GET 200 https://registry.npmjs.org/at-least-node 134ms (cache revalidated)
npm http fetch GET 200 https://registry.npmjs.org/through 134ms (cache revalidated)
npm http fetch GET 200 https://registry.npmjs.org/rfdc 138ms (cache revalidated)
npm http fetch GET 200 https://registry.npmjs.org/p-map 138ms (cache revalidated)
npm http fetch GET 200 https://registry.npmjs.org/@colors%2fcolors 150ms (cache revalidated)
npm http fetch GET 200 https://registry.npmjs.org/merge-stream 147ms (cache revalidated)
npm http fetch GET 200 https://registry.npmjs.org/strip-final-newline 150ms (cache revalidated)
npm http fetch GET 200 https://registry.npmjs.org/wrap-ansi 145ms (cache revalidated)
npm http fetch GET 200 https://registry.npmjs.org/colorette 150ms (cache revalidated)
npm http fetch GET 200 https://registry.npmjs.org/human-signals 156ms (cache revalidated)
npm http fetch GET 200 https://registry.npmjs.org/@types%2fyauzl 157ms (cache revalidated)
npm http fetch GET 200 https://registry.npmjs.org/cli-truncate 155ms (cache revalidated)
npm http fetch GET 200 https://registry.npmjs.org/is-unicode-supported 158ms (cache revalidated)
npm http fetch GET 200 https://registry.npmjs.org/log-update 170ms (cache revalidated)
npm http fetch GET 200 https://registry.npmjs.org/throttleit 172ms (cache revalidated)
npm http fetch GET 200 https://registry.npmjs.org/fd-slicer 172ms (cache revalidated)
npm http fetch GET 200 https://registry.npmjs.org/rxjs 260ms (cache revalidated)
npm http fetch GET 200 https://registry.npmjs.org/mime-db 102ms (cache revalidated)
npm http fetch GET 200 https://registry.npmjs.org/jsprim 105ms (cache revalidated)
npm http fetch GET 200 https://registry.npmjs.org/psl 103ms (cache revalidated)
npm http fetch GET 200 https://registry.npmjs.org/assert-plus 109ms (cache revalidated)
npm http fetch GET 200 https://registry.npmjs.org/delayed-stream 114ms (cache revalidated)
npm http fetch GET 200 https://registry.npmjs.org/url-parse 109ms (cache revalidated)
npm http fetch GET 200 https://registry.npmjs.org/sshpk 114ms (cache revalidated)
npm http fetch GET 200 https://registry.npmjs.org/asynckit 116ms (cache revalidated)
npm http fetch GET 200 https://registry.npmjs.org/side-channel 124ms (cache revalidated)
npm http fetch GET 200 https://registry.npmjs.org/punycode 126ms (cache revalidated)
npm http fetch GET 200 https://registry.npmjs.org/seek-bzip 64ms (cache revalidated)
npm http fetch GET 200 https://registry.npmjs.org/unbzip2-stream 65ms (cache revalidated)
npm http fetch GET 200 https://registry.npmjs.org/file-type 69ms (cache revalidated)
npm http fetch GET 200 https://registry.npmjs.org/is-natural-number 70ms (cache revalidated)
npm http fetch GET 200 https://registry.npmjs.org/file-type 76ms (cache revalidated)
npm http fetch GET 200 https://registry.npmjs.org/file-type 86ms (cache miss)
npm http fetch GET 200 https://registry.npmjs.org/to-buffer 55ms (cache revalidated)
npm http fetch GET 200 https://registry.npmjs.org/xtend 55ms (cache revalidated)
npm http fetch GET 200 https://registry.npmjs.org/buffer-alloc 56ms (cache revalidated)
npm http fetch GET 200 https://registry.npmjs.org/object-assign 56ms (cache revalidated)
npm http fetch GET 200 https://registry.npmjs.org/pinkie-promise 73ms (cache revalidated)
npm http fetch GET 200 https://registry.npmjs.org/ansi-regex 60ms (cache revalidated)
npm http fetch GET 200 https://registry.npmjs.org/which 58ms (cache revalidated)
npm http fetch GET 200 https://registry.npmjs.org/shebang-command 66ms (cache revalidated)
npm http fetch GET 200 https://registry.npmjs.org/pump 66ms (cache revalidated)
npm http fetch GET 200 https://registry.npmjs.org/path-key 67ms (cache revalidated)
npm http fetch GET 200 https://registry.npmjs.org/path-key 72ms (cache revalidated)
npm http fetch GET 200 https://registry.npmjs.org/mimic-fn 81ms (cache revalidated)
npm http fetch GET 200 https://registry.npmjs.org/isexe 56ms (cache revalidated)
npm http fetch GET 200 https://registry.npmjs.org/shebang-regex 64ms (cache revalidated)
npm http fetch GET 200 https://registry.npmjs.org/undici-types 81ms (cache revalidated)
npm http fetch GET 200 https://registry.npmjs.org/pinkie 81ms (cache revalidated)
npm http fetch GET 200 https://registry.npmjs.org/brace-expansion 59ms (cache revalidated)
npm http fetch GET 200 https://registry.npmjs.org/wrappy 77ms (cache revalidated)
npm http fetch GET 200 https://registry.npmjs.org/safer-buffer 60ms (cache revalidated)
npm http fetch GET 200 https://registry.npmjs.org/asn1 60ms (cache revalidated)
npm http fetch GET 200 https://registry.npmjs.org/dashdash 63ms (cache revalidated)
npm http fetch GET 200 https://registry.npmjs.org/verror 65ms (cache revalidated)
npm http fetch GET 200 https://registry.npmjs.org/tweetnacl 66ms (cache revalidated)
npm http fetch GET 200 https://registry.npmjs.org/jsbn 67ms (cache revalidated)
npm http fetch GET 200 https://registry.npmjs.org/ecc-jsbn 69ms (cache revalidated)
npm http fetch GET 200 https://registry.npmjs.org/json-schema 74ms (cache revalidated)
npm http fetch GET 200 https://registry.npmjs.org/getpass 76ms (cache revalidated)
npm http fetch GET 200 https://registry.npmjs.org/bcrypt-pbkdf 80ms (cache revalidated)
npm http fetch GET 200 https://registry.npmjs.org/extsprintf 88ms (cache revalidated)
npm http fetch GET 200 https://registry.npmjs.org/ansi-escapes 66ms (cache revalidated)
npm http fetch GET 200 https://registry.npmjs.org/aggregate-error 79ms (cache revalidated)
npm http fetch GET 200 https://registry.npmjs.org/tslib 117ms (cache revalidated)
npm http fetch GET 200 https://registry.npmjs.org/astral-regex 527ms (cache revalidated)
npm http fetch GET 200 https://registry.npmjs.org/type-fest 71ms (cache revalidated)
npm http fetch GET 200 https://registry.npmjs.org/balanced-match 54ms (cache revalidated)
npm http fetch GET 200 https://registry.npmjs.org/concat-map 61ms (cache revalidated)
npm http fetch GET 200 https://registry.npmjs.org/camelcase 73ms (cache revalidated)
npm http fetch GET 200 https://registry.npmjs.org/braces 86ms (cache revalidated)
npm http fetch GET 200 https://registry.npmjs.org/path-exists 86ms (cache revalidated)
npm http fetch GET 200 https://registry.npmjs.org/readdirp 90ms (cache revalidated)
npm http fetch GET 200 https://registry.npmjs.org/fsevents 90ms (cache revalidated)
npm http fetch GET 200 https://registry.npmjs.org/is-binary-path 94ms (cache revalidated)
npm http fetch GET 200 https://registry.npmjs.org/is-glob 94ms (cache revalidated)
npm http fetch GET 200 https://registry.npmjs.org/anymatch 96ms (cache revalidated)
npm http fetch GET 200 https://registry.npmjs.org/is-plain-obj 85ms (cache revalidated)
npm http fetch GET 200 https://registry.npmjs.org/flat 85ms (cache revalidated)
npm http fetch GET 200 https://registry.npmjs.org/locate-path 96ms (cache revalidated)
npm http fetch GET 200 https://registry.npmjs.org/argparse 94ms (cache revalidated)
npm http fetch GET 200 https://registry.npmjs.org/randombytes 91ms (cache revalidated)
npm http fetch GET 200 https://registry.npmjs.org/escalade 89ms (cache revalidated)
npm http fetch GET 200 https://registry.npmjs.org/glob-parent 100ms (cache revalidated)
npm http fetch GET 200 https://registry.npmjs.org/binary-extensions 62ms (cache revalidated)
npm http fetch GET 200 https://registry.npmjs.org/is-extglob 64ms (cache revalidated)
npm http fetch GET 200 https://registry.npmjs.org/fill-range 72ms (cache revalidated)
npm http fetch GET 200 https://registry.npmjs.org/picomatch 237ms (cache revalidated)
npm http fetch GET 200 https://registry.npmjs.org/picomatch 492ms (cache revalidated)
npm http fetch GET 200 https://registry.npmjs.org/to-regex-range 51ms (cache revalidated)
npm http fetch GET 200 https://registry.npmjs.org/is-number 64ms (cache revalidated)
npm http fetch GET 200 https://registry.npmjs.org/p-locate 61ms (cache revalidated)
npm http fetch GET 200 https://registry.npmjs.org/p-limit 49ms (cache revalidated)
npm http fetch GET 200 https://registry.npmjs.org/easy-stack 57ms (cache revalidated)
npm http fetch GET 200 https://registry.npmjs.org/yocto-queue 63ms (cache revalidated)
npm http fetch GET 200 https://registry.npmjs.org/indent-string 57ms (cache revalidated)
npm http fetch GET 200 https://registry.npmjs.org/clean-stack 80ms (cache revalidated)
npm http fetch GET 200 https://registry.npmjs.org/stream-combiner 54ms (cache revalidated)
npm http fetch GET 200 https://registry.npmjs.org/split 55ms (cache revalidated)
npm http fetch GET 200 https://registry.npmjs.org/duplexer 57ms (cache revalidated)
npm http fetch GET 200 https://registry.npmjs.org/map-stream 59ms (cache revalidated)
npm http fetch GET 200 https://registry.npmjs.org/from 59ms (cache revalidated)
npm http fetch GET 200 https://registry.npmjs.org/pause-stream 75ms (cache revalidated)
npm http fetch GET 200 https://registry.npmjs.org/get-intrinsic 54ms (cache revalidated)
npm http fetch GET 200 https://registry.npmjs.org/call-bind 54ms (cache revalidated)
npm http fetch GET 200 https://registry.npmjs.org/object-inspect 58ms (cache revalidated)
npm http fetch GET 200 https://registry.npmjs.org/es-errors 63ms (cache revalidated)
npm http fetch GET 200 https://registry.npmjs.org/har-schema 217ms (cache revalidated)
npm http fetch GET 200 https://registry.npmjs.org/uri-js 56ms (cache revalidated)
npm http fetch GET 200 https://registry.npmjs.org/json-schema-traverse 57ms (cache revalidated)
npm http fetch GET 200 https://registry.npmjs.org/fast-deep-equal 59ms (cache revalidated)
npm http fetch GET 200 https://registry.npmjs.org/fast-json-stable-stringify 92ms (cache revalidated)
npm http fetch GET 200 https://registry.npmjs.org/function-bind 56ms (cache revalidated)
npm http fetch GET 200 https://registry.npmjs.org/has-symbols 56ms (cache revalidated)
npm http fetch GET 200 https://registry.npmjs.org/set-function-length 58ms (cache revalidated)
npm http fetch GET 200 https://registry.npmjs.org/has-proto 60ms (cache revalidated)
npm http fetch GET 200 https://registry.npmjs.org/es-define-property 62ms (cache revalidated)
npm http fetch GET 200 https://registry.npmjs.org/hasown 65ms (cache revalidated)
npm http fetch GET 200 https://registry.npmjs.org/gopd 47ms (cache revalidated)
npm http fetch GET 200 https://registry.npmjs.org/define-data-property 50ms (cache revalidated)
npm http fetch GET 200 https://registry.npmjs.org/has-property-descriptors 64ms (cache revalidated)
npm http fetch GET 200 https://registry.npmjs.org/requires-port 50ms (cache revalidated)
npm http fetch GET 200 https://registry.npmjs.org/querystringify 501ms (cache revalidated)
npm http fetch GET 200 https://registry.npmjs.org/ansi-align 59ms (cache revalidated)
npm http fetch GET 200 https://registry.npmjs.org/dot-prop 61ms (cache revalidated)
npm http fetch GET 200 https://registry.npmjs.org/escape-goat 61ms (cache revalidated)
npm http fetch GET 200 https://registry.npmjs.org/widest-line 68ms (cache revalidated)
npm http fetch GET 200 https://registry.npmjs.org/package-json 65ms (cache revalidated)
npm http fetch GET 200 https://registry.npmjs.org/cli-boxes 70ms (cache updated)
npm http fetch GET 200 https://registry.npmjs.org/write-file-atomic 73ms (cache revalidated)
npm http fetch GET 200 https://registry.npmjs.org/unique-string 114ms (cache revalidated)
npm http fetch GET 200 https://registry.npmjs.org/eastasianwidth 71ms (cache revalidated)
npm http fetch GET 200 https://registry.npmjs.org/is-obj 57ms (cache revalidated)
npm http fetch GET 200 https://registry.npmjs.org/imurmurhash 56ms (cache revalidated)
npm http fetch GET 200 https://registry.npmjs.org/crypto-random-string 62ms (cache revalidated)
npm http fetch GET 200 https://registry.npmjs.org/typedarray-to-buffer 65ms (cache revalidated)
npm http fetch GET 200 https://registry.npmjs.org/registry-auth-token 54ms (cache revalidated)
npm http fetch GET 200 https://registry.npmjs.org/registry-url 82ms (cache revalidated)
npm http fetch GET 200 https://registry.npmjs.org/got 495ms (cache revalidated)
npm http fetch GET 200 https://registry.npmjs.org/rc 62ms (cache revalidated)
npm http fetch GET 200 https://registry.npmjs.org/lowercase-keys 67ms (cache revalidated)
npm http fetch GET 200 https://registry.npmjs.org/decompress-response 70ms (cache revalidated)
npm http fetch GET 200 https://registry.npmjs.org/cacheable-lookup 71ms (cache revalidated)
npm http fetch GET 200 https://registry.npmjs.org/form-data-encoder 80ms (cache revalidated)
npm http fetch GET 200 https://registry.npmjs.org/p-cancelable 83ms (cache revalidated)
npm http fetch GET 200 https://registry.npmjs.org/responselike 84ms (cache revalidated)
npm http fetch GET 200 https://registry.npmjs.org/cacheable-request 84ms (cache revalidated)
npm http fetch GET 200 https://registry.npmjs.org/@pnpm%2fnpm-conf 92ms (cache revalidated)
npm http fetch GET 200 https://registry.npmjs.org/@sindresorhus%2fis 97ms (cache revalidated)
npm http fetch GET 200 https://registry.npmjs.org/http2-wrapper 100ms (cache revalidated)
npm http fetch GET 200 https://registry.npmjs.org/@szmarczak%2fhttp-timer 103ms (cache revalidated)
npm http fetch GET 200 https://registry.npmjs.org/http-cache-semantics 64ms (cache revalidated)
npm http fetch GET 200 https://registry.npmjs.org/keyv 64ms (cache revalidated)
npm http fetch GET 200 https://registry.npmjs.org/quick-lru 67ms (cache revalidated)
npm http fetch GET 200 https://registry.npmjs.org/resolve-alpn 68ms (cache revalidated)
npm http fetch GET 200 https://registry.npmjs.org/defer-to-connect 74ms (cache revalidated)
npm http fetch GET 200 https://registry.npmjs.org/mimic-response 71ms (cache revalidated)
npm http fetch GET 200 https://registry.npmjs.org/mimic-response 73ms (cache revalidated)
npm http fetch GET 200 https://registry.npmjs.org/@types%2fhttp-cache-semantics 76ms (cache revalidated)
npm http fetch GET 200 https://registry.npmjs.org/normalize-url 76ms (cache revalidated)
npm http fetch GET 200 https://registry.npmjs.org/json-buffer 62ms (cache revalidated)
npm http fetch GET 200 https://registry.npmjs.org/config-chain 76ms (cache revalidated)
npm http fetch GET 200 https://registry.npmjs.org/@pnpm%2fconfig.env-replace 91ms (cache revalidated)
npm http fetch GET 200 https://registry.npmjs.org/@pnpm%2fnetwork.ca-file 102ms (cache revalidated)
npm http fetch GET 200 https://registry.npmjs.org/proto-list 60ms (cache revalidated)
npm http fetch GET 200 https://registry.npmjs.org/deep-extend 50ms (cache revalidated)
npm http fetch GET 200 https://registry.npmjs.org/pend 85ms (cache revalidated)
npm http fetch GET 200 https://registry.npmjs.org/crc32-stream 91ms (cache revalidated)
npm http fetch GET 200 https://registry.npmjs.org/crc-32 55ms (cache revalidated)
npm http fetch GET 200 https://registry.npmjs.org/buffer-fill 53ms (cache revalidated)
npm http fetch GET 200 https://registry.npmjs.org/buffer-alloc-unsafe 55ms (cache revalidated)
npm http fetch GET 200 https://registry.npmjs.org/p-try 63ms (cache revalidated)
npm verb reify failed optional dependency C:\Users\EwanLaing\OneDrive - 2i Limited\Desktop\Edgewords exercises\cypressEvidence\tmpBstackPackages\node_modules\fsevents
npm http fetch POST 200 https://registry.npmjs.org/-/npm/v1/security/advisories/bulk 510ms
npm WARN deprecated inflight@1.0.6: This module is not supported, and leaks memory. Do not use it. Check out lru-cache if you want a good and tested way to coalesce async requests by a key value, which is much more comprehensive and powerful.
npm WARN deprecated rimraf@2.5.4: Rimraf versions prior to v4 are no longer supported
npm WARN deprecated har-validator@5.1.5: this library is no longer supported
npm WARN deprecated glob@7.2.3: Glob versions prior to v9 are no longer supported
npm WARN deprecated glob@8.1.0: Glob versions prior to v9 are no longer supported
npm WARN deprecated uuid@3.4.0: Please upgrade  to version 7 or higher.  Older versions may use Math.random() in certain circumstances, which is known to be problematic.  See https://v8.dev/blog/math-random for details.
npm WARN deprecated request@2.88.2: request has been deprecated, see https://github.com/request/request/issues/3142
npm info run cypress@13.13.2 postinstall node_modules/cypress node index.js --exec install
npm info run cypress@13.13.2 postinstall { code: 0, signal: null }

added 460 packages, and audited 461 packages in 17s

94 packages are looking for funding
  run `npm fund` for details

3 moderate severity vulnerabilities

To address all issues (including breaking changes), run:
  npm audit fix --force

Run `npm audit` for details.
npm verb exit 0
npm info ok 
